<?xml version="1.0" encoding="UTF-8"?>
<!-- Generated by org.testng.reporters.JUnitReportReporter -->
<testsuite hostname="DESKTOP-572F86P" failures="0" tests="1" name="com.qa.Test.CampaignPageChild" time="58.952" errors="0" timestamp="2022-12-21T17:25:06 IST" skipped="0">
  <testcase classname="com.qa.Test.CampaignPageChild" name="createCamp" time="58.952"/>
  <system-out/>
</testsuite> <!-- com.qa.Test.CampaignPageChild -->
