<?xml version="1.0" encoding="UTF-8"?>
<!-- Generated by org.testng.reporters.JUnitReportReporter -->
<testsuite hostname="DESKTOP-572F86P" failures="0" tests="1" name="com.qa.Test.CaseTest" time="84.079" errors="0" timestamp="2023-01-02T17:31:04 IST" skipped="0">
  <testcase classname="com.qa.Test.CaseTest" name="products" time="84.079"/>
  <system-out/>
</testsuite> <!-- com.qa.Test.CaseTest -->
