<?xml version="1.0" encoding="UTF-8"?>
<!-- Generated by org.testng.reporters.JUnitReportReporter -->
<testsuite hostname="DESKTOP-572F86P" failures="0" tests="1" name="com.qa.Test.LeadTest" time="76.902" errors="0" timestamp="2023-01-03T14:15:21 IST" skipped="0">
  <testcase classname="com.qa.Test.LeadTest" name="createlead" time="76.902"/>
  <system-out/>
</testsuite> <!-- com.qa.Test.LeadTest -->
