<?xml version="1.0" encoding="UTF-8"?>
<!-- Generated by org.testng.reporters.JUnitReportReporter -->
<testsuite hostname="DESKTOP-572F86P" failures="0" tests="1" name="com.qa.Test.LoginpageTest" time="37.621" errors="0" timestamp="2022-12-15T15:29:37 IST" skipped="0">
  <testcase classname="com.qa.Test.LoginpageTest" name="loginT" time="37.621"/>
  <system-out/>
</testsuite> <!-- com.qa.Test.LoginpageTest -->
