<?xml version="1.0" encoding="UTF-8"?>
<!-- Generated by org.testng.reporters.JUnitReportReporter -->
<testsuite hostname="DESKTOP-572F86P" failures="0" tests="1" name="com.qa.Test.OpportunityTest" time="91.739" errors="0" timestamp="2023-01-03T14:15:21 IST" skipped="0">
  <testcase classname="com.qa.Test.OpportunityTest" name="createlead" time="91.739"/>
  <system-out/>
</testsuite> <!-- com.qa.Test.OpportunityTest -->
