<?xml version="1.0" encoding="UTF-8"?>
<!-- Generated by org.testng.reporters.JUnitReportReporter -->
<testsuite hostname="DESKTOP-572F86P" failures="0" tests="2" name="com.qa.Test.PriceBookTest" time="117.019" errors="0" timestamp="2023-01-03T14:21:31 IST" skipped="0">
  <testcase classname="com.qa.Test.PriceBookTest" name="products" time="50.610"/>
  <system-out/>
  <testcase classname="com.qa.Test.PriceBookTest" name="AddPrice" time="66.409"/>
  <system-out/>
</testsuite> <!-- com.qa.Test.PriceBookTest -->
