<?xml version="1.0" encoding="UTF-8"?>
<!-- Generated by org.testng.reporters.JUnitReportReporter -->
<testsuite hostname="DESKTOP-572F86P" failures="0" tests="1" name="com.qa.Test.CampaignpageTest" time="103.484" errors="0" timestamp="2022-12-21T16:38:34 IST" skipped="0">
  <testcase classname="com.qa.Test.CampaignpageTest" name="createAccount" time="103.484"/>
  <system-out/>
</testsuite> <!-- com.qa.Test.CampaignpageTest -->
